[debug] [2023-05-15T08:36:22.960Z] ----------------------------------------------------------------------
[debug] [2023-05-15T08:36:22.964Z] Command:       C:\Program Files\nodejs\node.exe C:\Users\dudgn\AppData\Roaming\npm\node_modules\firebase-tools\lib\bin\firebase.js init
[debug] [2023-05-15T08:36:22.965Z] CLI Version:   12.0.0
[debug] [2023-05-15T08:36:22.966Z] Platform:      win32
[debug] [2023-05-15T08:36:22.966Z] Node Version:  v18.16.0
[debug] [2023-05-15T08:36:22.970Z] Time:          Mon May 15 2023 17:36:22 GMT+0900 (대한민국 표준시)
[debug] [2023-05-15T08:36:22.970Z] ----------------------------------------------------------------------
[debug] 
[debug] [2023-05-15T08:36:22.992Z] > command requires scopes: ["email","openid","https://www.googleapis.com/auth/cloudplatformprojects.readonly","https://www.googleapis.com/auth/firebase","https://www.googleapis.com/auth/cloud-platform"]
[debug] [2023-05-15T08:36:22.993Z] > authorizing via signed-in user (dudgns2947@gmail.com)
[info] 
     ######## #### ########  ######## ########     ###     ######  ########
     ##        ##  ##     ## ##       ##     ##  ##   ##  ##       ##
     ######    ##  ########  ######   ########  #########  ######  ######
     ##        ##  ##    ##  ##       ##     ## ##     ##       ## ##
     ##       #### ##     ## ######## ########  ##     ##  ######  ########

You're about to initialize a Firebase project in this directory:

  C:\Users\dudgn\OneDrive\바탕 화면\2023-1\2023-1_캡디(윤대균)\platform\Sports-IT-Next

[info] 
=== Project Setup
[info] 
[info] First, let's associate this project directory with a Firebase project.
[info] You can create multiple project aliases by running firebase use --add, 
[info] but for now we'll just set up a default project.
[info] 
[debug] [2023-05-15T08:37:27.577Z] >>> [apiv2][query] GET https://firebase.googleapis.com/v1beta1/projects pageSize=100
[debug] [2023-05-15T08:37:28.539Z] <<< [apiv2][status] GET https://firebase.googleapis.com/v1beta1/projects 200
[debug] [2023-05-15T08:37:28.540Z] <<< [apiv2][body] GET https://firebase.googleapis.com/v1beta1/projects [omitted]
[info] i  Using project sports-it-8a98a (sports-it) 
[info] 
=== Database Setup
[info] i  database: ensuring required API firebasedatabase.googleapis.com is enabled... 
[debug] [2023-05-15T08:37:32.228Z] >>> [apiv2][query] GET https://serviceusage.googleapis.com/v1/projects/sports-it-8a98a/services/firebasedatabase.googleapis.com [none]
[debug] [2023-05-15T08:37:32.228Z] >>> [apiv2][(partial)header] GET https://serviceusage.googleapis.com/v1/projects/sports-it-8a98a/services/firebasedatabase.googleapis.com x-goog-quota-user=projects/sports-it-8a98a
[debug] [2023-05-15T08:37:33.442Z] <<< [apiv2][status] GET https://serviceusage.googleapis.com/v1/projects/sports-it-8a98a/services/firebasedatabase.googleapis.com 200
[debug] [2023-05-15T08:37:33.442Z] <<< [apiv2][body] GET https://serviceusage.googleapis.com/v1/projects/sports-it-8a98a/services/firebasedatabase.googleapis.com [omitted]
[warn] !  database: missing required API firebasedatabase.googleapis.com. Enabling now... 
[debug] [2023-05-15T08:37:33.444Z] >>> [apiv2][query] POST https://serviceusage.googleapis.com/v1/projects/sports-it-8a98a/services/firebasedatabase.googleapis.com:enable [none]
[debug] [2023-05-15T08:37:33.444Z] >>> [apiv2][(partial)header] POST https://serviceusage.googleapis.com/v1/projects/sports-it-8a98a/services/firebasedatabase.googleapis.com:enable x-goog-quota-user=projects/sports-it-8a98a
[debug] [2023-05-15T08:37:34.776Z] <<< [apiv2][status] POST https://serviceusage.googleapis.com/v1/projects/sports-it-8a98a/services/firebasedatabase.googleapis.com:enable 200
[debug] [2023-05-15T08:37:34.776Z] <<< [apiv2][body] POST https://serviceusage.googleapis.com/v1/projects/sports-it-8a98a/services/firebasedatabase.googleapis.com:enable [omitted]
[debug] [2023-05-15T08:37:44.790Z] >>> [apiv2][query] GET https://serviceusage.googleapis.com/v1/projects/sports-it-8a98a/services/firebasedatabase.googleapis.com [none]
[debug] [2023-05-15T08:37:44.790Z] >>> [apiv2][(partial)header] GET https://serviceusage.googleapis.com/v1/projects/sports-it-8a98a/services/firebasedatabase.googleapis.com x-goog-quota-user=projects/sports-it-8a98a
[debug] [2023-05-15T08:37:45.952Z] <<< [apiv2][status] GET https://serviceusage.googleapis.com/v1/projects/sports-it-8a98a/services/firebasedatabase.googleapis.com 200
[debug] [2023-05-15T08:37:45.953Z] <<< [apiv2][body] GET https://serviceusage.googleapis.com/v1/projects/sports-it-8a98a/services/firebasedatabase.googleapis.com [omitted]
[info] +  database: required API firebasedatabase.googleapis.com is enabled 
[info] 
[debug] [2023-05-15T08:37:45.966Z] >>> [apiv2][query] GET https://firebase.googleapis.com/v1beta1/projects/sports-it-8a98a [none]
[debug] [2023-05-15T08:37:46.445Z] <<< [apiv2][status] GET https://firebase.googleapis.com/v1beta1/projects/sports-it-8a98a 200
[debug] [2023-05-15T08:37:46.446Z] <<< [apiv2][body] GET https://firebase.googleapis.com/v1beta1/projects/sports-it-8a98a {"projectId":"sports-it-8a98a","projectNumber":"794736896186","displayName":"sports-it","name":"projects/sports-it-8a98a","resources":{"hostingSite":"sports-it-8a98a"},"state":"ACTIVE","etag":"1_8faa3faf-be78-4730-bfbd-46ad3a36b389"}
[debug] [2023-05-15T08:37:58.879Z] >>> [apiv2][query] POST https://firebasedatabase.googleapis.com/v1beta/projects/sports-it-8a98a/locations/asia-southeast1/instances databaseId=sports-it-8a98a-default-rtdb&validateOnly=true
[debug] [2023-05-15T08:37:58.880Z] >>> [apiv2][body] POST https://firebasedatabase.googleapis.com/v1beta/projects/sports-it-8a98a/locations/asia-southeast1/instances {"type":"default_database"}
[debug] [2023-05-15T08:37:59.863Z] <<< [apiv2][status] POST https://firebasedatabase.googleapis.com/v1beta/projects/sports-it-8a98a/locations/asia-southeast1/instances 200
[debug] [2023-05-15T08:37:59.863Z] <<< [apiv2][body] POST https://firebasedatabase.googleapis.com/v1beta/projects/sports-it-8a98a/locations/asia-southeast1/instances {"name":"projects/794736896186/locations/asia-southeast1/instances/sports-it-8a98a-default-rtdb","project":"projects/794736896186","databaseUrl":"https://sports-it-8a98a-default-rtdb.asia-southeast1.firebasedatabase.app","type":"DEFAULT_DATABASE","state":"ACTIVE"}
[debug] [2023-05-15T08:37:59.866Z] >>> [apiv2][query] POST https://firebasedatabase.googleapis.com/v1beta/projects/sports-it-8a98a/locations/asia-southeast1/instances databaseId=sports-it-8a98a-default-rtdb
[debug] [2023-05-15T08:37:59.866Z] >>> [apiv2][body] POST https://firebasedatabase.googleapis.com/v1beta/projects/sports-it-8a98a/locations/asia-southeast1/instances {"type":"default_database"}
[debug] [2023-05-15T08:38:00.953Z] <<< [apiv2][status] POST https://firebasedatabase.googleapis.com/v1beta/projects/sports-it-8a98a/locations/asia-southeast1/instances 200
[debug] [2023-05-15T08:38:00.953Z] <<< [apiv2][body] POST https://firebasedatabase.googleapis.com/v1beta/projects/sports-it-8a98a/locations/asia-southeast1/instances {"name":"projects/794736896186/locations/asia-southeast1/instances/sports-it-8a98a-default-rtdb","project":"projects/794736896186","databaseUrl":"https://sports-it-8a98a-default-rtdb.asia-southeast1.firebasedatabase.app","type":"DEFAULT_DATABASE","state":"ACTIVE"}
[info] 
[info] Firebase Realtime Database Security Rules allow you to define how your data should be
[info] structured and when your data can be read from and written to.
[info] 
[debug] [2023-05-15T08:38:08.306Z] >>> [apiv2][query] GET https://sports-it-8a98a-default-rtdb.asia-southeast1.firebasedatabase.app/.settings/rules.json [none]
[debug] [2023-05-15T08:38:10.406Z] <<< [apiv2][status] GET https://sports-it-8a98a-default-rtdb.asia-southeast1.firebasedatabase.app/.settings/rules.json 200
[debug] [2023-05-15T08:38:10.406Z] <<< [apiv2][body] GET https://sports-it-8a98a-default-rtdb.asia-southeast1.firebasedatabase.app/.settings/rules.json [stream]
[info] +  Database Rules for sports-it-8a98a-default-rtdb have been written to database.rules.json. 
[info] Future modifications to database.rules.json will update Realtime Database Security Rules when you run
[info] firebase deploy.
[info] 
=== Firestore Setup
[debug] [2023-05-15T08:38:10.415Z] >>> [apiv2][query] GET https://serviceusage.googleapis.com/v1/projects/sports-it-8a98a/services/firestore.googleapis.com [none]
[debug] [2023-05-15T08:38:10.415Z] >>> [apiv2][(partial)header] GET https://serviceusage.googleapis.com/v1/projects/sports-it-8a98a/services/firestore.googleapis.com x-goog-quota-user=projects/sports-it-8a98a
[debug] [2023-05-15T08:38:11.589Z] <<< [apiv2][status] GET https://serviceusage.googleapis.com/v1/projects/sports-it-8a98a/services/firestore.googleapis.com 200
[debug] [2023-05-15T08:38:11.589Z] <<< [apiv2][body] GET https://serviceusage.googleapis.com/v1/projects/sports-it-8a98a/services/firestore.googleapis.com [omitted]
[debug] [2023-05-15T08:38:11.590Z] >>> [apiv2][query] GET https://firestore.googleapis.com/v1/projects/sports-it-8a98a/databases/(default) [none]
[debug] [2023-05-15T08:38:12.010Z] <<< [apiv2][status] GET https://firestore.googleapis.com/v1/projects/sports-it-8a98a/databases/(default) 200
[debug] [2023-05-15T08:38:12.010Z] <<< [apiv2][body] GET https://firestore.googleapis.com/v1/projects/sports-it-8a98a/databases/(default) {"name":"projects/sports-it-8a98a/databases/(default)","uid":"161e1afc-87e1-4022-82f1-6779d4751bca","createTime":"2023-05-15T08:21:49.803698Z","updateTime":"2023-05-15T08:21:49.803698Z","locationId":"asia-northeast3","type":"FIRESTORE_NATIVE","concurrencyMode":"PESSIMISTIC","appEngineIntegrationMode":"DISABLED","keyPrefix":"v","deleteProtectionState":"DELETE_PROTECTION_DISABLED","etag":"IKXC4//19v4CMLLJ4qvy9v4C"}
[debug] [2023-05-15T08:38:12.011Z] database_type: FIRESTORE_NATIVE
[debug] [2023-05-15T08:38:12.011Z] > command requires scopes: ["email","openid","https://www.googleapis.com/auth/cloudplatformprojects.readonly","https://www.googleapis.com/auth/firebase","https://www.googleapis.com/auth/cloud-platform"]
[debug] [2023-05-15T08:38:12.011Z] > authorizing via signed-in user (dudgns2947@gmail.com)
[debug] [2023-05-15T08:38:12.011Z] [iam] checking project sports-it-8a98a for permissions ["firebase.projects.get"]
[debug] [2023-05-15T08:38:12.012Z] >>> [apiv2][query] POST https://cloudresourcemanager.googleapis.com/v1/projects/sports-it-8a98a:testIamPermissions [none]
[debug] [2023-05-15T08:38:12.013Z] >>> [apiv2][(partial)header] POST https://cloudresourcemanager.googleapis.com/v1/projects/sports-it-8a98a:testIamPermissions x-goog-quota-user=projects/sports-it-8a98a
[debug] [2023-05-15T08:38:12.013Z] >>> [apiv2][body] POST https://cloudresourcemanager.googleapis.com/v1/projects/sports-it-8a98a:testIamPermissions {"permissions":["firebase.projects.get"]}
[debug] [2023-05-15T08:38:12.830Z] <<< [apiv2][status] POST https://cloudresourcemanager.googleapis.com/v1/projects/sports-it-8a98a:testIamPermissions 200
[debug] [2023-05-15T08:38:12.831Z] <<< [apiv2][body] POST https://cloudresourcemanager.googleapis.com/v1/projects/sports-it-8a98a:testIamPermissions {"permissions":["firebase.projects.get"]}
[info] 
[info] Firestore Security Rules allow you to define how and when to allow
[info] requests. You can keep these rules in your project directory
[info] and publish them with firebase deploy.
[info] 
[debug] [2023-05-15T08:38:16.931Z] >>> [apiv2][query] GET https://firebaserules.googleapis.com/v1/projects/sports-it-8a98a/releases pageSize=10&pageToken=
[debug] [2023-05-15T08:38:18.192Z] <<< [apiv2][status] GET https://firebaserules.googleapis.com/v1/projects/sports-it-8a98a/releases 200
[debug] [2023-05-15T08:38:18.192Z] <<< [apiv2][body] GET https://firebaserules.googleapis.com/v1/projects/sports-it-8a98a/releases {"releases":[{"name":"projects/sports-it-8a98a/releases/cloud.firestore","rulesetName":"projects/sports-it-8a98a/rulesets/43db63a4-2129-4349-b63d-dd460f95abbb","createTime":"2023-05-15T08:21:57.056057Z","updateTime":"2023-05-15T08:21:57.056057Z"}]}
[debug] [2023-05-15T08:38:18.192Z] Found ruleset: projects/sports-it-8a98a/rulesets/43db63a4-2129-4349-b63d-dd460f95abbb
[debug] [2023-05-15T08:38:18.193Z] >>> [apiv2][query] GET https://firebaserules.googleapis.com/v1/projects/sports-it-8a98a/rulesets/43db63a4-2129-4349-b63d-dd460f95abbb [none]
[debug] [2023-05-15T08:38:19.420Z] <<< [apiv2][status] GET https://firebaserules.googleapis.com/v1/projects/sports-it-8a98a/rulesets/43db63a4-2129-4349-b63d-dd460f95abbb 200
[debug] [2023-05-15T08:38:19.420Z] <<< [apiv2][body] GET https://firebaserules.googleapis.com/v1/projects/sports-it-8a98a/rulesets/43db63a4-2129-4349-b63d-dd460f95abbb [omitted]
[info] 
[info] Firestore indexes allow you to perform complex queries while
[info] maintaining performance that scales with the size of the result
[info] set. You can keep index definitions in your project directory
[info] and publish them with firebase deploy.
[info] 
[debug] [2023-05-15T08:38:21.399Z] >>> [apiv2][query] GET https://firestore.googleapis.com/v1/projects/sports-it-8a98a/databases/(default)/collectionGroups/-/indexes [none]
[debug] [2023-05-15T08:38:21.402Z] >>> [apiv2][query] GET https://firestore.googleapis.com/v1/projects/sports-it-8a98a/databases/(default)/collectionGroups/-/fields?filter=indexConfig.usesAncestorConfig=false OR ttlConfig:* [none]
[debug] [2023-05-15T08:38:21.878Z] <<< [apiv2][status] GET https://firestore.googleapis.com/v1/projects/sports-it-8a98a/databases/(default)/collectionGroups/-/fields?filter=indexConfig.usesAncestorConfig=false OR ttlConfig:* 200
[debug] [2023-05-15T08:38:21.879Z] <<< [apiv2][body] GET https://firestore.googleapis.com/v1/projects/sports-it-8a98a/databases/(default)/collectionGroups/-/fields?filter=indexConfig.usesAncestorConfig=false OR ttlConfig:* {"fields":[{"name":"projects/sports-it-8a98a/databases/(default)/collectionGroups/__default__/fields/*","indexConfig":{"indexes":[{"queryScope":"COLLECTION","fields":[{"fieldPath":"*","order":"ASCENDING"}],"state":"READY"},{"queryScope":"COLLECTION","fields":[{"fieldPath":"*","order":"DESCENDING"}],"state":"READY"},{"queryScope":"COLLECTION","fields":[{"fieldPath":"*","arrayConfig":"CONTAINS"}],"state":"READY"}]}}]}
[debug] [2023-05-15T08:38:21.879Z] <<< [apiv2][status] GET https://firestore.googleapis.com/v1/projects/sports-it-8a98a/databases/(default)/collectionGroups/-/indexes 200
[debug] [2023-05-15T08:38:21.879Z] <<< [apiv2][body] GET https://firestore.googleapis.com/v1/projects/sports-it-8a98a/databases/(default)/collectionGroups/-/indexes {}
[info] 
=== Functions Setup
[debug] [2023-05-15T08:38:21.884Z] > command requires scopes: ["email","openid","https://www.googleapis.com/auth/cloudplatformprojects.readonly","https://www.googleapis.com/auth/firebase","https://www.googleapis.com/auth/cloud-platform"]
[debug] [2023-05-15T08:38:21.884Z] > authorizing via signed-in user (dudgns2947@gmail.com)
[debug] [2023-05-15T08:38:21.884Z] [iam] checking project sports-it-8a98a for permissions ["firebase.projects.get"]
[debug] [2023-05-15T08:38:21.885Z] >>> [apiv2][query] POST https://cloudresourcemanager.googleapis.com/v1/projects/sports-it-8a98a:testIamPermissions [none]
[debug] [2023-05-15T08:38:21.885Z] >>> [apiv2][(partial)header] POST https://cloudresourcemanager.googleapis.com/v1/projects/sports-it-8a98a:testIamPermissions x-goog-quota-user=projects/sports-it-8a98a
[debug] [2023-05-15T08:38:21.885Z] >>> [apiv2][body] POST https://cloudresourcemanager.googleapis.com/v1/projects/sports-it-8a98a:testIamPermissions {"permissions":["firebase.projects.get"]}
[debug] [2023-05-15T08:38:22.696Z] <<< [apiv2][status] POST https://cloudresourcemanager.googleapis.com/v1/projects/sports-it-8a98a:testIamPermissions 200
[debug] [2023-05-15T08:38:22.696Z] <<< [apiv2][body] POST https://cloudresourcemanager.googleapis.com/v1/projects/sports-it-8a98a:testIamPermissions {"permissions":["firebase.projects.get"]}
[debug] [2023-05-15T08:38:22.697Z] >>> [apiv2][query] GET https://serviceusage.googleapis.com/v1/projects/sports-it-8a98a/services/cloudfunctions.googleapis.com [none]
[debug] [2023-05-15T08:38:22.697Z] >>> [apiv2][(partial)header] GET https://serviceusage.googleapis.com/v1/projects/sports-it-8a98a/services/cloudfunctions.googleapis.com x-goog-quota-user=projects/sports-it-8a98a
[debug] [2023-05-15T08:38:22.700Z] >>> [apiv2][query] GET https://serviceusage.googleapis.com/v1/projects/sports-it-8a98a/services/runtimeconfig.googleapis.com [none]
[debug] [2023-05-15T08:38:22.700Z] >>> [apiv2][(partial)header] GET https://serviceusage.googleapis.com/v1/projects/sports-it-8a98a/services/runtimeconfig.googleapis.com x-goog-quota-user=projects/sports-it-8a98a
[debug] [2023-05-15T08:38:24.029Z] <<< [apiv2][status] GET https://serviceusage.googleapis.com/v1/projects/sports-it-8a98a/services/runtimeconfig.googleapis.com 200
[debug] [2023-05-15T08:38:24.030Z] <<< [apiv2][body] GET https://serviceusage.googleapis.com/v1/projects/sports-it-8a98a/services/runtimeconfig.googleapis.com [omitted]
[debug] [2023-05-15T08:38:24.032Z] <<< [apiv2][status] GET https://serviceusage.googleapis.com/v1/projects/sports-it-8a98a/services/cloudfunctions.googleapis.com 200
[debug] [2023-05-15T08:38:24.032Z] <<< [apiv2][body] GET https://serviceusage.googleapis.com/v1/projects/sports-it-8a98a/services/cloudfunctions.googleapis.com [omitted]
[debug] [2023-05-15T08:38:24.032Z] >>> [apiv2][query] POST https://serviceusage.googleapis.com/v1/projects/sports-it-8a98a/services/cloudfunctions.googleapis.com:enable [none]
[debug] [2023-05-15T08:38:24.032Z] >>> [apiv2][(partial)header] POST https://serviceusage.googleapis.com/v1/projects/sports-it-8a98a/services/cloudfunctions.googleapis.com:enable x-goog-quota-user=projects/sports-it-8a98a
[debug] [2023-05-15T08:38:25.666Z] <<< [apiv2][status] POST https://serviceusage.googleapis.com/v1/projects/sports-it-8a98a/services/cloudfunctions.googleapis.com:enable 200
[debug] [2023-05-15T08:38:25.666Z] <<< [apiv2][body] POST https://serviceusage.googleapis.com/v1/projects/sports-it-8a98a/services/cloudfunctions.googleapis.com:enable [omitted]
[debug] [2023-05-15T08:38:35.679Z] >>> [apiv2][query] GET https://serviceusage.googleapis.com/v1/projects/sports-it-8a98a/services/cloudfunctions.googleapis.com [none]
[debug] [2023-05-15T08:38:35.679Z] >>> [apiv2][(partial)header] GET https://serviceusage.googleapis.com/v1/projects/sports-it-8a98a/services/cloudfunctions.googleapis.com x-goog-quota-user=projects/sports-it-8a98a
[debug] [2023-05-15T08:38:36.838Z] <<< [apiv2][status] GET https://serviceusage.googleapis.com/v1/projects/sports-it-8a98a/services/cloudfunctions.googleapis.com 200
[debug] [2023-05-15T08:38:36.838Z] <<< [apiv2][body] GET https://serviceusage.googleapis.com/v1/projects/sports-it-8a98a/services/cloudfunctions.googleapis.com [omitted]
[info] Let's create a new codebase for your functions.
[info] A directory corresponding to the codebase will be created in your project
[info] with sample code pre-configured.

[info] See https://firebase.google.com/docs/functions/organize-functions for
[info] more information on organizing your functions using codebases.

[info] Functions can be deployed with firebase deploy.

[info] +  Wrote functions/package.json 
[info] +  Wrote functions/.eslintrc.js 
[info] +  Wrote functions/tsconfig.json 
[info] +  Wrote functions/tsconfig.dev.json 
[info] +  Wrote functions/src/index.ts 
[info] +  Wrote functions/.gitignore 
[info] 
=== Hosting Setup
[info] 
[info] Your public directory is the folder (relative to your project directory) that
[info] will contain Hosting assets to be uploaded with firebase deploy. If you
[info] have a build process for your assets, use your build's output directory.
[info] 
[info] +  Wrote public/404.html 
[debug] [2023-05-15T08:40:16.053Z] >>> [apiv2][query] GET https://www.gstatic.com/firebasejs/releases.json [none]
[debug] [2023-05-15T08:40:16.243Z] <<< [apiv2][status] GET https://www.gstatic.com/firebasejs/releases.json 200
[debug] [2023-05-15T08:40:16.244Z] <<< [apiv2][body] GET https://www.gstatic.com/firebasejs/releases.json {"current":{"version":"9.22.0","browserURL":"https://www.gstatic.com/firebasejs/9.22.0/firebase.js","packageURL":"https://www.gstatic.com/firebasejs/9.22.0/firebase.tgz"},"live":{"version":"9.22","browserURL":"https://www.gstatic.com/firebasejs/live/9.22/firebase.js","packageURL":"https://www.gstatic.com/firebasejs/live/9.22/firebase.tgz"},"components":{"analytics":"https://www.gstatic.com/firebasejs/9.22.0/firebase-analytics.js","app":"https://www.gstatic.com/firebasejs/9.22.0/firebase-app.js","app-check":"https://www.gstatic.com/firebasejs/9.22.0/firebase-app-check.js","auth":"https://www.gstatic.com/firebasejs/9.22.0/firebase-auth.js","auth/cordova":"https://www.gstatic.com/firebasejs/9.22.0/firebase-auth/cordova.js","auth/react-native":"https://www.gstatic.com/firebasejs/9.22.0/firebase-auth/react-native.js","functions":"https://www.gstatic.com/firebasejs/9.22.0/firebase-functions.js","firestore":"https://www.gstatic.com/firebasejs/9.22.0/firebase-firestore.js","firestore/lite":"https://www.gstatic.com/firebasejs/9.22.0/firebase-firestore/lite.js","installations":"https://www.gstatic.com/firebasejs/9.22.0/firebase-installations.js","storage":"https://www.gstatic.com/firebasejs/9.22.0/firebase-storage.js","performance":"https://www.gstatic.com/firebasejs/9.22.0/firebase-performance.js","remote-config":"https://www.gstatic.com/firebasejs/9.22.0/firebase-remote-config.js","messaging":"https://www.gstatic.com/firebasejs/9.22.0/firebase-messaging.js","messaging/sw":"https://www.gstatic.com/firebasejs/9.22.0/firebase-messaging/sw.js","database":"https://www.gstatic.com/firebasejs/9.22.0/firebase-database.js","firestore.memory":"https://www.gstatic.com/firebasejs/9.22.0/firebase-firestore.memory.js"}}
[info] +  Wrote public/index.html 
[info] 
[info] i  Detected a .git folder at C:\Users\dudgn\OneDrive\바탕 화면\2023-1\2023-1_캡디(윤대균)\platform\Sports-IT-Next 
[info] i  Authorizing with GitHub to upload your service account to a GitHub repository's secrets store. 
[info] 
[info] Visit this URL on this device to log in:
[info] https://github.com/login/oauth/authorize?client_id=89cf50f02ac6aaed3484&state=130609450&redirect_uri=http%3A%2F%2Flocalhost%3A9005&scope=read%3Auser%20repo%20public_repo
[info] 
[info] Waiting for authentication...
[debug] [2023-05-15T08:40:29.614Z] >>> [apiv2][query] POST https://github.com/login/oauth/access_token [none]
[debug] [2023-05-15T08:40:29.614Z] >>> [apiv2][body] POST https://github.com/login/oauth/access_token [stream]
[debug] [2023-05-15T08:40:29.937Z] <<< [apiv2][status] POST https://github.com/login/oauth/access_token 200
[debug] [2023-05-15T08:40:29.937Z] <<< [apiv2][body] POST https://github.com/login/oauth/access_token {"access_token":"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","token_type":"bearer","scope":"read:user,repo"}
[debug] [2023-05-15T08:40:29.956Z] >>> [apiv2][query] GET https://api.github.com/user [none]
[debug] [2023-05-15T08:40:30.324Z] <<< [apiv2][status] GET https://api.github.com/user 200
[debug] [2023-05-15T08:40:30.324Z] <<< [apiv2][body] GET https://api.github.com/user {"login":"dudgns2947","id":53550993,"node_id":"MDQ6VXNlcjUzNTUwOTkz","avatar_url":"https://avatars.githubusercontent.com/u/53550993?v=4","gravatar_id":"","url":"https://api.github.com/users/dudgns2947","html_url":"https://github.com/dudgns2947","followers_url":"https://api.github.com/users/dudgns2947/followers","following_url":"https://api.github.com/users/dudgns2947/following{/other_user}","gists_url":"https://api.github.com/users/dudgns2947/gists{/gist_id}","starred_url":"https://api.github.com/users/dudgns2947/starred{/owner}{/repo}","subscriptions_url":"https://api.github.com/users/dudgns2947/subscriptions","organizations_url":"https://api.github.com/users/dudgns2947/orgs","repos_url":"https://api.github.com/users/dudgns2947/repos","events_url":"https://api.github.com/users/dudgns2947/events{/privacy}","received_events_url":"https://api.github.com/users/dudgns2947/received_events","type":"User","site_admin":false,"name":"gonzuri","company":"Ajou University","blog":"","location":"Suwon, South Korea","email":null,"hireable":null,"bio":null,"twitter_username":null,"public_repos":26,"public_gists":0,"followers":5,"following":6,"created_at":"2019-08-01T04:33:01Z","updated_at":"2023-04-26T04:33:01Z","private_gists":0,"total_private_repos":7,"owned_private_repos":7,"disk_usage":25362,"collaborators":0,"two_factor_authentication":false,"plan":{"name":"pro","space":976562499,"collaborators":0,"private_repos":9999}}
[info] 
[info] +  Success! Logged into GitHub as dudgns2947 
[info] 
[debug] [2023-05-15T08:40:33.411Z] >>> [apiv2][query] GET https://api.github.com/repos//actions/secrets/public-key type=owner
[debug] [2023-05-15T08:40:33.781Z] <<< [apiv2][status] GET https://api.github.com/repos//actions/secrets/public-key 404
[debug] [2023-05-15T08:40:33.781Z] <<< [apiv2][body] GET https://api.github.com/repos//actions/secrets/public-key {"message":"Not Found","documentation_url":"https://docs.github.com/rest"}
[info] 
[info] 
[error] !  The provided authorization cannot be used with this repository. If this repository is in an organization, did you remember to grant access? 
[info] 
[info] i  Action required: Visit this URL to ensure access has been granted to the appropriate organization(s) for the Firebase CLI GitHub OAuth App: 
[info] https://github.com/settings/connections/applications/89cf50f02ac6aaed3484
[info] 
[debug] [2023-05-15T08:40:52.617Z] >>> [apiv2][query] GET https://api.github.com/repos/repository/actions/secrets/public-key type=owner
[debug] [2023-05-15T08:40:52.889Z] <<< [apiv2][status] GET https://api.github.com/repos/repository/actions/secrets/public-key 404
[debug] [2023-05-15T08:40:52.889Z] <<< [apiv2][body] GET https://api.github.com/repos/repository/actions/secrets/public-key {"message":"Not Found","documentation_url":"https://docs.github.com/rest"}
[info] 
[info] 
[error] !  The provided authorization cannot be used with this repository. If this repository is in an organization, did you remember to grant access? 
[info] 
[info] i  Action required: Visit this URL to ensure access has been granted to the appropriate organization(s) for the Firebase CLI GitHub OAuth App: 
[info] https://github.com/settings/connections/applications/89cf50f02ac6aaed3484
[info] 
[debug] [2023-05-15T08:40:56.040Z] >>> [apiv2][query] GET https://api.github.com/repos/repository/actions/secrets/public-key type=owner
[debug] [2023-05-15T08:40:56.298Z] <<< [apiv2][status] GET https://api.github.com/repos/repository/actions/secrets/public-key 404
[debug] [2023-05-15T08:40:56.298Z] <<< [apiv2][body] GET https://api.github.com/repos/repository/actions/secrets/public-key {"message":"Not Found","documentation_url":"https://docs.github.com/rest"}
[info] 
[info] 
[error] !  The provided authorization cannot be used with this repository. If this repository is in an organization, did you remember to grant access? 
[info] 
[info] i  Action required: Visit this URL to ensure access has been granted to the appropriate organization(s) for the Firebase CLI GitHub OAuth App: 
[info] https://github.com/settings/connections/applications/89cf50f02ac6aaed3484
[info] 
[debug] [2023-05-15T08:40:57.340Z] >>> [apiv2][query] GET https://api.github.com/repos/repository/actions/secrets/public-key type=owner
[debug] [2023-05-15T08:40:57.639Z] <<< [apiv2][status] GET https://api.github.com/repos/repository/actions/secrets/public-key 404
[debug] [2023-05-15T08:40:57.639Z] <<< [apiv2][body] GET https://api.github.com/repos/repository/actions/secrets/public-key {"message":"Not Found","documentation_url":"https://docs.github.com/rest"}
[info] 
[info] 
[error] !  The provided authorization cannot be used with this repository. If this repository is in an organization, did you remember to grant access? 
[info] 
[info] i  Action required: Visit this URL to ensure access has been granted to the appropriate organization(s) for the Firebase CLI GitHub OAuth App: 
[info] https://github.com/settings/connections/applications/89cf50f02ac6aaed3484
[info] 
[debug] [2023-05-15T08:40:59.268Z] >>> [apiv2][query] GET https://api.github.com/repos//actions/secrets/public-key type=owner
[debug] [2023-05-15T08:40:59.584Z] <<< [apiv2][status] GET https://api.github.com/repos//actions/secrets/public-key 404
[debug] [2023-05-15T08:40:59.585Z] <<< [apiv2][body] GET https://api.github.com/repos//actions/secrets/public-key {"message":"Not Found","documentation_url":"https://docs.github.com/rest"}
[info] 
[info] 
[error] !  The provided authorization cannot be used with this repository. If this repository is in an organization, did you remember to grant access? 
[info] 
[info] i  Action required: Visit this URL to ensure access has been granted to the appropriate organization(s) for the Firebase CLI GitHub OAuth App: 
[info] https://github.com/settings/connections/applications/89cf50f02ac6aaed3484
[info] 
[debug] [2023-05-15T08:41:01.629Z] >>> [apiv2][query] GET https://api.github.com/repos/user/actions/secrets/public-key type=owner
[debug] [2023-05-15T08:41:01.930Z] <<< [apiv2][status] GET https://api.github.com/repos/user/actions/secrets/public-key 404
[debug] [2023-05-15T08:41:01.930Z] <<< [apiv2][body] GET https://api.github.com/repos/user/actions/secrets/public-key {"message":"Not Found","documentation_url":"https://docs.github.com/rest"}
[info] 
[info] 
[error] !  The provided authorization cannot be used with this repository. If this repository is in an organization, did you remember to grant access? 
[info] 
[info] i  Action required: Visit this URL to ensure access has been granted to the appropriate organization(s) for the Firebase CLI GitHub OAuth App: 
[info] https://github.com/settings/connections/applications/89cf50f02ac6aaed3484
[info] 
[debug] [2023-05-15T08:41:05.039Z] >>> [apiv2][query] GET https://api.github.com/repos//actions/secrets/public-key type=owner
[debug] [2023-05-15T08:41:05.288Z] <<< [apiv2][status] GET https://api.github.com/repos//actions/secrets/public-key 404
[debug] [2023-05-15T08:41:05.289Z] <<< [apiv2][body] GET https://api.github.com/repos//actions/secrets/public-key {"message":"Not Found","documentation_url":"https://docs.github.com/rest"}
[info] 
[info] 
[error] !  The provided authorization cannot be used with this repository. If this repository is in an organization, did you remember to grant access? 
[info] 
[info] i  Action required: Visit this URL to ensure access has been granted to the appropriate organization(s) for the Firebase CLI GitHub OAuth App: 
[info] https://github.com/settings/connections/applications/89cf50f02ac6aaed3484
[info] 
[debug] [2023-05-15T08:41:09.554Z] >>> [apiv2][query] GET https://api.github.com/repos/yes/actions/secrets/public-key type=owner
[debug] [2023-05-15T08:41:09.928Z] <<< [apiv2][status] GET https://api.github.com/repos/yes/actions/secrets/public-key 404
[debug] [2023-05-15T08:41:09.928Z] <<< [apiv2][body] GET https://api.github.com/repos/yes/actions/secrets/public-key {"message":"Not Found","documentation_url":"https://docs.github.com/rest"}
[info] 
[info] 
[error] !  The provided authorization cannot be used with this repository. If this repository is in an organization, did you remember to grant access? 
[info] 
[info] i  Action required: Visit this URL to ensure access has been granted to the appropriate organization(s) for the Firebase CLI GitHub OAuth App: 
[info] https://github.com/settings/connections/applications/89cf50f02ac6aaed3484
[info] 
[debug] [2023-05-15T08:41:10.461Z] >>> [apiv2][query] GET https://api.github.com/repos/yesy/actions/secrets/public-key type=owner
[debug] [2023-05-15T08:41:10.748Z] <<< [apiv2][status] GET https://api.github.com/repos/yesy/actions/secrets/public-key 404
[debug] [2023-05-15T08:41:10.748Z] <<< [apiv2][body] GET https://api.github.com/repos/yesy/actions/secrets/public-key {"message":"Not Found","documentation_url":"https://docs.github.com/rest"}
[info] 
[info] 
[error] !  The provided authorization cannot be used with this repository. If this repository is in an organization, did you remember to grant access? 
[info] 
[info] i  Action required: Visit this URL to ensure access has been granted to the appropriate organization(s) for the Firebase CLI GitHub OAuth App: 
[info] https://github.com/settings/connections/applications/89cf50f02ac6aaed3484
[info] 
[debug] [2023-05-15T08:41:11.389Z] >>> [apiv2][query] GET https://api.github.com/repos/y/actions/secrets/public-key type=owner
[debug] [2023-05-15T08:41:11.771Z] <<< [apiv2][status] GET https://api.github.com/repos/y/actions/secrets/public-key 404
[debug] [2023-05-15T08:41:11.771Z] <<< [apiv2][body] GET https://api.github.com/repos/y/actions/secrets/public-key {"message":"Not Found","documentation_url":"https://docs.github.com/rest"}
[info] 
[info] 
[error] !  The provided authorization cannot be used with this repository. If this repository is in an organization, did you remember to grant access? 
[info] 
[info] i  Action required: Visit this URL to ensure access has been granted to the appropriate organization(s) for the Firebase CLI GitHub OAuth App: 
[info] https://github.com/settings/connections/applications/89cf50f02ac6aaed3484
[info] 
[debug] [2023-05-15T08:41:13.287Z] >>> [apiv2][query] GET https://api.github.com/repos/N/actions/secrets/public-key type=owner
[debug] [2023-05-15T08:41:13.538Z] <<< [apiv2][status] GET https://api.github.com/repos/N/actions/secrets/public-key 404
[debug] [2023-05-15T08:41:13.538Z] <<< [apiv2][body] GET https://api.github.com/repos/N/actions/secrets/public-key {"message":"Not Found","documentation_url":"https://docs.github.com/rest"}
[info] 
[info] 
[error] !  The provided authorization cannot be used with this repository. If this repository is in an organization, did you remember to grant access? 
[info] 
[info] i  Action required: Visit this URL to ensure access has been granted to the appropriate organization(s) for the Firebase CLI GitHub OAuth App: 
[info] https://github.com/settings/connections/applications/89cf50f02ac6aaed3484
[info] 
[debug] [2023-05-15T08:41:15.744Z] >>> [apiv2][query] GET https://api.github.com/repos//actions/secrets/public-key type=owner
[debug] [2023-05-15T08:41:15.917Z] >>> [apiv2][query] GET https://api.github.com/repos//actions/secrets/public-key type=owner
[debug] [2023-05-15T08:41:16.036Z] <<< [apiv2][status] GET https://api.github.com/repos//actions/secrets/public-key 404
[debug] [2023-05-15T08:41:16.036Z] <<< [apiv2][body] GET https://api.github.com/repos//actions/secrets/public-key {"message":"Not Found","documentation_url":"https://docs.github.com/rest"}
[info] 
[info] 
[error] !  The provided authorization cannot be used with this repository. If this repository is in an organization, did you remember to grant access? 
[info] 
[info] i  Action required: Visit this URL to ensure access has been granted to the appropriate organization(s) for the Firebase CLI GitHub OAuth App: 
[info] https://github.com/settings/connections/applications/89cf50f02ac6aaed3484
[info] 
[debug] [2023-05-15T08:41:16.075Z] >>> [apiv2][query] GET https://api.github.com/repos//actions/secrets/public-key type=owner
[debug] [2023-05-15T08:41:16.188Z] <<< [apiv2][status] GET https://api.github.com/repos//actions/secrets/public-key 404
[debug] [2023-05-15T08:41:16.188Z] <<< [apiv2][body] GET https://api.github.com/repos//actions/secrets/public-key {"message":"Not Found","documentation_url":"https://docs.github.com/rest"}
[info] 
[info] 
[error] !  The provided authorization cannot be used with this repository. If this repository is in an organization, did you remember to grant access? 
[info] 
[info] i  Action required: Visit this URL to ensure access has been granted to the appropriate organization(s) for the Firebase CLI GitHub OAuth App: 
[info] https://github.com/settings/connections/applications/89cf50f02ac6aaed3484
[info] 
[debug] [2023-05-15T08:41:16.381Z] <<< [apiv2][status] GET https://api.github.com/repos//actions/secrets/public-key 404
[debug] [2023-05-15T08:41:16.381Z] <<< [apiv2][body] GET https://api.github.com/repos//actions/secrets/public-key {"message":"Not Found","documentation_url":"https://docs.github.com/rest"}
[info] 
[info] 
[error] !  The provided authorization cannot be used with this repository. If this repository is in an organization, did you remember to grant access? 
[info] 
[info] i  Action required: Visit this URL to ensure access has been granted to the appropriate organization(s) for the Firebase CLI GitHub OAuth App: 
[info] https://github.com/settings/connections/applications/89cf50f02ac6aaed3484
[info] 
[debug] [2023-05-15T08:41:43.969Z] >>> [apiv2][query] GET https://api.github.com/repos/\/actions/secrets/public-key type=owner
[debug] [2023-05-15T08:41:44.250Z] <<< [apiv2][status] GET https://api.github.com/repos/\/actions/secrets/public-key 404
[debug] [2023-05-15T08:41:44.250Z] <<< [apiv2][body] GET https://api.github.com/repos/\/actions/secrets/public-key {"message":"Not Found","documentation_url":"https://docs.github.com/rest"}
[info] 
[info] 
[error] !  The provided authorization cannot be used with this repository. If this repository is in an organization, did you remember to grant access? 
[info] 
[info] i  Action required: Visit this URL to ensure access has been granted to the appropriate organization(s) for the Firebase CLI GitHub OAuth App: 
[info] https://github.com/settings/connections/applications/89cf50f02ac6aaed3484
[info] 
[debug] [2023-05-15T08:41:44.662Z] >>> [apiv2][query] GET https://api.github.com/repos//actions/secrets/public-key type=owner
[debug] [2023-05-15T08:41:44.950Z] <<< [apiv2][status] GET https://api.github.com/repos//actions/secrets/public-key 404
[debug] [2023-05-15T08:41:44.950Z] <<< [apiv2][body] GET https://api.github.com/repos//actions/secrets/public-key {"message":"Not Found","documentation_url":"https://docs.github.com/rest"}
[info] 
[info] 
[error] !  The provided authorization cannot be used with this repository. If this repository is in an organization, did you remember to grant access? 
[info] 
[info] i  Action required: Visit this URL to ensure access has been granted to the appropriate organization(s) for the Firebase CLI GitHub OAuth App: 
[info] https://github.com/settings/connections/applications/89cf50f02ac6aaed3484
[info] 
[debug] [2023-05-15T08:41:48.657Z] >>> [apiv2][query] GET https://api.github.com/repos/repository/actions/secrets/public-key type=owner
[debug] [2023-05-15T08:41:48.952Z] <<< [apiv2][status] GET https://api.github.com/repos/repository/actions/secrets/public-key 404
[debug] [2023-05-15T08:41:48.952Z] <<< [apiv2][body] GET https://api.github.com/repos/repository/actions/secrets/public-key {"message":"Not Found","documentation_url":"https://docs.github.com/rest"}
[info] 
[info] 
[error] !  The provided authorization cannot be used with this repository. If this repository is in an organization, did you remember to grant access? 
[info] 
[info] i  Action required: Visit this URL to ensure access has been granted to the appropriate organization(s) for the Firebase CLI GitHub OAuth App: 
[info] https://github.com/settings/connections/applications/89cf50f02ac6aaed3484
[info] 
[debug] [2023-05-15T08:42:41.479Z] >>> [apiv2][query] GET https://api.github.com/repos/repository/actions/secrets/public-key type=owner
[debug] [2023-05-15T08:42:41.787Z] <<< [apiv2][status] GET https://api.github.com/repos/repository/actions/secrets/public-key 404
[debug] [2023-05-15T08:42:41.788Z] <<< [apiv2][body] GET https://api.github.com/repos/repository/actions/secrets/public-key {"message":"Not Found","documentation_url":"https://docs.github.com/rest"}
[info] 
[info] 
[error] !  The provided authorization cannot be used with this repository. If this repository is in an organization, did you remember to grant access? 
[info] 
[info] i  Action required: Visit this URL to ensure access has been granted to the appropriate organization(s) for the Firebase CLI GitHub OAuth App: 
[info] https://github.com/settings/connections/applications/89cf50f02ac6aaed3484
[info] 
[debug] [2023-05-15T08:42:44.131Z] >>> [apiv2][query] GET https://api.github.com/repos/use/actions/secrets/public-key type=owner
[debug] [2023-05-15T08:42:44.553Z] <<< [apiv2][status] GET https://api.github.com/repos/use/actions/secrets/public-key 404
[debug] [2023-05-15T08:42:44.553Z] <<< [apiv2][body] GET https://api.github.com/repos/use/actions/secrets/public-key {"message":"Not Found","documentation_url":"https://docs.github.com/rest"}
[info] 
[info] 
[error] !  The provided authorization cannot be used with this repository. If this repository is in an organization, did you remember to grant access? 
[info] 
[info] i  Action required: Visit this URL to ensure access has been granted to the appropriate organization(s) for the Firebase CLI GitHub OAuth App: 
[info] https://github.com/settings/connections/applications/89cf50f02ac6aaed3484
[info] 
[debug] [2023-05-15T08:42:45.071Z] >>> [apiv2][query] GET https://api.github.com/repos/user/actions/secrets/public-key type=owner
[debug] [2023-05-15T08:42:45.371Z] <<< [apiv2][status] GET https://api.github.com/repos/user/actions/secrets/public-key 404
[debug] [2023-05-15T08:42:45.372Z] <<< [apiv2][body] GET https://api.github.com/repos/user/actions/secrets/public-key {"message":"Not Found","documentation_url":"https://docs.github.com/rest"}
[info] 
[info] 
[error] !  The provided authorization cannot be used with this repository. If this repository is in an organization, did you remember to grant access? 
[info] 
[info] i  Action required: Visit this URL to ensure access has been granted to the appropriate organization(s) for the Firebase CLI GitHub OAuth App: 
[info] https://github.com/settings/connections/applications/89cf50f02ac6aaed3484
[info] 
